Move played: f6
[[0. 0. 0. 0. 0. 0. 0. 0. 0. 0. 0.]
 [0. 0. 0. 0. 0. 0. 0. 0. 0. 0. 0.]
 [0. 0. 0. 0. 0. 0. 0. 0. 0. 0. 0.]
 [0. 0. 0. 0. 0. 0. 0. 0. 0. 0. 0.]
 [0. 0. 0. 0. 0. 0. 0. 0. 0. 0. 0.]
 [0. 0. 0. 0. 0. 1. 0. 0. 0. 0. 0.]
 [0. 0. 0. 0. 0. 0. 0. 0. 0. 0. 0.]
 [0. 0. 0. 0. 0. 0. 0. 0. 0. 0. 0.]
 [0. 0. 0. 0. 0. 0. 0. 0. 0. 0. 0.]
 [0. 0. 0. 0. 0. 0. 0. 0. 0. 0. 0.]
 [0. 0. 0. 0. 0. 0. 0. 0. 0. 0. 0.]]
move:[[0. 0. 0. 0. 0. 0. 0. 0. 0. 0. 0.]
 [0. 0. 0. 0. 0. 0. 0. 0. 0. 0. 0.]
 [0. 0. 0. 0. 0. 0. 0. 0. 0. 0. 0.]
 [0. 0. 0. 0. 0. 0. 0. 0. 0. 0. 0.]
 [0. 0. 0. 0. 0. 0. 0. 0. 0. 0. 0.]
 [0. 0. 0. 0. 0. 1. 0. 0. 0. 0. 0.]
 [0. 0. 0. 0. 0. 0. 2. 0. 0. 0. 0.]
 [0. 0. 0. 0. 0. 0. 0. 0. 0. 0. 0.]
 [0. 0. 0. 0. 0. 0. 0. 0. 0. 0. 0.]
 [0. 0. 0. 0. 0. 0. 0. 0. 0. 0. 0.]
 [0. 0. 0. 0. 0. 0. 0. 0. 0. 0. 0.]]
Move played: g7
Move played: g5
[[0. 0. 0. 0. 0. 0. 0. 0. 0. 0. 0.]
 [0. 0. 0. 0. 0. 0. 0. 0. 0. 0. 0.]
 [0. 0. 0. 0. 0. 0. 0. 0. 0. 0. 0.]
 [0. 0. 0. 0. 0. 0. 0. 0. 0. 0. 0.]
 [0. 0. 0. 0. 0. 0. 1. 0. 0. 0. 0.]
 [0. 0. 0. 0. 0. 1. 0. 0. 0. 0. 0.]
 [0. 0. 0. 0. 0. 0. 2. 0. 0. 0. 0.]
 [0. 0. 0. 0. 0. 0. 0. 0. 0. 0. 0.]
 [0. 0. 0. 0. 0. 0. 0. 0. 0. 0. 0.]
 [0. 0. 0. 0. 0. 0. 0. 0. 0. 0. 0.]
 [0. 0. 0. 0. 0. 0. 0. 0. 0. 0. 0.]]
move:[[0. 0. 0. 0. 0. 0. 0. 0. 0. 0. 0.]
 [0. 0. 0. 0. 0. 0. 0. 0. 0. 0. 0.]
 [0. 0. 0. 0. 0. 0. 0. 0. 0. 0. 0.]
 [0. 0. 0. 0. 0. 0. 0. 2. 0. 0. 0.]
 [0. 0. 0. 0. 0. 0. 1. 0. 0. 0. 0.]
 [0. 0. 0. 0. 0. 1. 0. 0. 0. 0. 0.]
 [0. 0. 0. 0. 0. 0. 2. 0. 0. 0. 0.]
 [0. 0. 0. 0. 0. 0. 0. 0. 0. 0. 0.]
 [0. 0. 0. 0. 0. 0. 0. 0. 0. 0. 0.]
 [0. 0. 0. 0. 0. 0. 0. 0. 0. 0. 0.]
 [0. 0. 0. 0. 0. 0. 0. 0. 0. 0. 0.]]
Move played: h4
Move played: f5
[[0. 0. 0. 0. 0. 0. 0. 0. 0. 0. 0.]
 [0. 0. 0. 0. 0. 0. 0. 0. 0. 0. 0.]
 [0. 0. 0. 0. 0. 0. 0. 0. 0. 0. 0.]
 [0. 0. 0. 0. 0. 0. 0. 2. 0. 0. 0.]
 [0. 0. 0. 0. 0. 1. 1. 0. 0. 0. 0.]
 [0. 0. 0. 0. 0. 1. 0. 0. 0. 0. 0.]
 [0. 0. 0. 0. 0. 0. 2. 0. 0. 0. 0.]
 [0. 0. 0. 0. 0. 0. 0. 0. 0. 0. 0.]
 [0. 0. 0. 0. 0. 0. 0. 0. 0. 0. 0.]
 [0. 0. 0. 0. 0. 0. 0. 0. 0. 0. 0.]
 [0. 0. 0. 0. 0. 0. 0. 0. 0. 0. 0.]]
move:[[0. 0. 0. 0. 0. 0. 0. 0. 0. 0. 0.]
 [0. 0. 0. 0. 0. 0. 0. 0. 0. 0. 0.]
 [0. 0. 0. 0. 0. 0. 0. 0. 0. 0. 0.]
 [0. 0. 0. 0. 0. 0. 0. 2. 0. 0. 0.]
 [0. 0. 0. 0. 0. 1. 1. 0. 0. 0. 0.]
 [0. 0. 0. 0. 0. 1. 0. 0. 0. 0. 0.]
 [0. 0. 0. 0. 0. 2. 2. 0. 0. 0. 0.]
 [0. 0. 0. 0. 0. 0. 0. 0. 0. 0. 0.]
 [0. 0. 0. 0. 0. 0. 0. 0. 0. 0. 0.]
 [0. 0. 0. 0. 0. 0. 0. 0. 0. 0. 0.]
 [0. 0. 0. 0. 0. 0. 0. 0. 0. 0. 0.]]
Move played: f7
Move played: e7
[[0. 0. 0. 0. 0. 0. 0. 0. 0. 0. 0.]
 [0. 0. 0. 0. 0. 0. 0. 0. 0. 0. 0.]
 [0. 0. 0. 0. 0. 0. 0. 0. 0. 0. 0.]
 [0. 0. 0. 0. 0. 0. 0. 2. 0. 0. 0.]
 [0. 0. 0. 0. 0. 1. 1. 0. 0. 0. 0.]
 [0. 0. 0. 0. 0. 1. 0. 0. 0. 0. 0.]
 [0. 0. 0. 0. 1. 2. 2. 0. 0. 0. 0.]
 [0. 0. 0. 0. 0. 0. 0. 0. 0. 0. 0.]
 [0. 0. 0. 0. 0. 0. 0. 0. 0. 0. 0.]
 [0. 0. 0. 0. 0. 0. 0. 0. 0. 0. 0.]
 [0. 0. 0. 0. 0. 0. 0. 0. 0. 0. 0.]]
move:[[0. 0. 0. 0. 0. 0. 0. 0. 0. 0. 0.]
 [0. 0. 0. 0. 0. 0. 0. 0. 0. 0. 0.]
 [0. 0. 0. 0. 0. 0. 0. 0. 0. 0. 0.]
 [0. 0. 0. 0. 0. 0. 0. 2. 0. 0. 0.]
 [0. 0. 0. 0. 0. 1. 1. 0. 0. 0. 0.]
 [0. 0. 0. 0. 0. 1. 0. 0. 0. 0. 0.]
 [0. 0. 0. 0. 1. 2. 2. 0. 0. 0. 0.]
 [0. 0. 0. 2. 0. 0. 0. 0. 0. 0. 0.]
 [0. 0. 0. 0. 0. 0. 0. 0. 0. 0. 0.]
 [0. 0. 0. 0. 0. 0. 0. 0. 0. 0. 0.]
 [0. 0. 0. 0. 0. 0. 0. 0. 0. 0. 0.]]
Move played: d8
Move played: f4
[[0. 0. 0. 0. 0. 0. 0. 0. 0. 0. 0.]
 [0. 0. 0. 0. 0. 0. 0. 0. 0. 0. 0.]
 [0. 0. 0. 0. 0. 0. 0. 0. 0. 0. 0.]
 [0. 0. 0. 0. 0. 1. 0. 2. 0. 0. 0.]
 [0. 0. 0. 0. 0. 1. 1. 0. 0. 0. 0.]
 [0. 0. 0. 0. 0. 1. 0. 0. 0. 0. 0.]
 [0. 0. 0. 0. 1. 2. 2. 0. 0. 0. 0.]
 [0. 0. 0. 2. 0. 0. 0. 0. 0. 0. 0.]
 [0. 0. 0. 0. 0. 0. 0. 0. 0. 0. 0.]
 [0. 0. 0. 0. 0. 0. 0. 0. 0. 0. 0.]
 [0. 0. 0. 0. 0. 0. 0. 0. 0. 0. 0.]]
move:[[0. 0. 0. 0. 0. 0. 0. 0. 0. 0. 0.]
 [0. 0. 0. 0. 0. 0. 0. 0. 0. 0. 0.]
 [0. 0. 0. 0. 0. 2. 0. 0. 0. 0. 0.]
 [0. 0. 0. 0. 0. 1. 0. 2. 0. 0. 0.]
 [0. 0. 0. 0. 0. 1. 1. 0. 0. 0. 0.]
 [0. 0. 0. 0. 0. 1. 0. 0. 0. 0. 0.]
 [0. 0. 0. 0. 1. 2. 2. 0. 0. 0. 0.]
 [0. 0. 0. 2. 0. 0. 0. 0. 0. 0. 0.]
 [0. 0. 0. 0. 0. 0. 0. 0. 0. 0. 0.]
 [0. 0. 0. 0. 0. 0. 0. 0. 0. 0. 0.]
 [0. 0. 0. 0. 0. 0. 0. 0. 0. 0. 0.]]
Move played: f3
Move played: e5
[[0. 0. 0. 0. 0. 0. 0. 0. 0. 0. 0.]
 [0. 0. 0. 0. 0. 0. 0. 0. 0. 0. 0.]
 [0. 0. 0. 0. 0. 2. 0. 0. 0. 0. 0.]
 [0. 0. 0. 0. 0. 1. 0. 2. 0. 0. 0.]
 [0. 0. 0. 0. 1. 1. 1. 0. 0. 0. 0.]
 [0. 0. 0. 0. 0. 1. 0. 0. 0. 0. 0.]
 [0. 0. 0. 0. 1. 2. 2. 0. 0. 0. 0.]
 [0. 0. 0. 2. 0. 0. 0. 0. 0. 0. 0.]
 [0. 0. 0. 0. 0. 0. 0. 0. 0. 0. 0.]
 [0. 0. 0. 0. 0. 0. 0. 0. 0. 0. 0.]
 [0. 0. 0. 0. 0. 0. 0. 0. 0. 0. 0.]]
move:[[0. 0. 0. 0. 0. 0. 0. 0. 0. 0. 0.]
 [0. 0. 0. 0. 0. 0. 0. 0. 0. 0. 0.]
 [0. 0. 0. 0. 0. 2. 0. 0. 0. 0. 0.]
 [0. 0. 0. 0. 0. 1. 0. 2. 0. 0. 0.]
 [0. 0. 0. 0. 1. 1. 1. 2. 0. 0. 0.]
 [0. 0. 0. 0. 0. 1. 0. 0. 0. 0. 0.]
 [0. 0. 0. 0. 1. 2. 2. 0. 0. 0. 0.]
 [0. 0. 0. 2. 0. 0. 0. 0. 0. 0. 0.]
 [0. 0. 0. 0. 0. 0. 0. 0. 0. 0. 0.]
 [0. 0. 0. 0. 0. 0. 0. 0. 0. 0. 0.]
 [0. 0. 0. 0. 0. 0. 0. 0. 0. 0. 0.]]
Move played: h5
Move played: h6
[[0. 0. 0. 0. 0. 0. 0. 0. 0. 0. 0.]
 [0. 0. 0. 0. 0. 0. 0. 0. 0. 0. 0.]
 [0. 0. 0. 0. 0. 2. 0. 0. 0. 0. 0.]
 [0. 0. 0. 0. 0. 1. 0. 2. 0. 0. 0.]
 [0. 0. 0. 0. 1. 1. 1. 2. 0. 0. 0.]
 [0. 0. 0. 0. 0. 1. 0. 1. 0. 0. 0.]
 [0. 0. 0. 0. 1. 2. 2. 0. 0. 0. 0.]
 [0. 0. 0. 2. 0. 0. 0. 0. 0. 0. 0.]
 [0. 0. 0. 0. 0. 0. 0. 0. 0. 0. 0.]
 [0. 0. 0. 0. 0. 0. 0. 0. 0. 0. 0.]
 [0. 0. 0. 0. 0. 0. 0. 0. 0. 0. 0.]]
move:[[0. 0. 0. 0. 0. 0. 0. 0. 0. 0. 0.]
 [0. 0. 0. 0. 0. 0. 0. 0. 0. 0. 0.]
 [0. 0. 0. 0. 0. 2. 0. 0. 0. 0. 0.]
 [0. 0. 0. 0. 0. 1. 0. 2. 0. 0. 0.]
 [0. 0. 0. 0. 1. 1. 1. 2. 0. 0. 0.]
 [0. 0. 0. 0. 0. 1. 0. 1. 0. 0. 0.]
 [0. 0. 0. 0. 1. 2. 2. 0. 2. 0. 0.]
 [0. 0. 0. 2. 0. 0. 0. 0. 0. 0. 0.]
 [0. 0. 0. 0. 0. 0. 0. 0. 0. 0. 0.]
 [0. 0. 0. 0. 0. 0. 0. 0. 0. 0. 0.]
 [0. 0. 0. 0. 0. 0. 0. 0. 0. 0. 0.]]
Move played: i7
Move played: e6
[[0. 0. 0. 0. 0. 0. 0. 0. 0. 0. 0.]
 [0. 0. 0. 0. 0. 0. 0. 0. 0. 0. 0.]
 [0. 0. 0. 0. 0. 2. 0. 0. 0. 0. 0.]
 [0. 0. 0. 0. 0. 1. 0. 2. 0. 0. 0.]
 [0. 0. 0. 0. 1. 1. 1. 2. 0. 0. 0.]
 [0. 0. 0. 0. 1. 1. 0. 1. 0. 0. 0.]
 [0. 0. 0. 0. 1. 2. 2. 0. 2. 0. 0.]
 [0. 0. 0. 2. 0. 0. 0. 0. 0. 0. 0.]
 [0. 0. 0. 0. 0. 0. 0. 0. 0. 0. 0.]
 [0. 0. 0. 0. 0. 0. 0. 0. 0. 0. 0.]
 [0. 0. 0. 0. 0. 0. 0. 0. 0. 0. 0.]]
move:[[0. 0. 0. 0. 0. 0. 0. 0. 0. 0. 0.]
 [0. 0. 0. 0. 0. 0. 0. 0. 0. 0. 0.]
 [0. 0. 0. 0. 0. 2. 0. 0. 0. 0. 0.]
 [0. 0. 0. 0. 0. 1. 0. 2. 0. 0. 0.]
 [0. 0. 0. 0. 1. 1. 1. 2. 0. 0. 0.]
 [0. 0. 0. 0. 1. 1. 0. 1. 0. 0. 0.]
 [0. 0. 0. 0. 1. 2. 2. 2. 2. 0. 0.]
 [0. 0. 0. 2. 0. 0. 0. 0. 0. 0. 0.]
 [0. 0. 0. 0. 0. 0. 0. 0. 0. 0. 0.]
 [0. 0. 0. 0. 0. 0. 0. 0. 0. 0. 0.]
 [0. 0. 0. 0. 0. 0. 0. 0. 0. 0. 0.]]
Move played: h7
Move played: j7
[[0. 0. 0. 0. 0. 0. 0. 0. 0. 0. 0.]
 [0. 0. 0. 0. 0. 0. 0. 0. 0. 0. 0.]
 [0. 0. 0. 0. 0. 2. 0. 0. 0. 0. 0.]
 [0. 0. 0. 0. 0. 1. 0. 2. 0. 0. 0.]
 [0. 0. 0. 0. 1. 1. 1. 2. 0. 0. 0.]
 [0. 0. 0. 0. 1. 1. 0. 1. 0. 0. 0.]
 [0. 0. 0. 0. 1. 2. 2. 2. 2. 1. 0.]
 [0. 0. 0. 2. 0. 0. 0. 0. 0. 0. 0.]
 [0. 0. 0. 0. 0. 0. 0. 0. 0. 0. 0.]
 [0. 0. 0. 0. 0. 0. 0. 0. 0. 0. 0.]
 [0. 0. 0. 0. 0. 0. 0. 0. 0. 0. 0.]]
move:[[0. 0. 0. 0. 0. 0. 0. 0. 0. 0. 0.]
 [0. 0. 0. 0. 0. 0. 0. 0. 0. 0. 0.]
 [0. 0. 0. 0. 0. 2. 0. 0. 0. 0. 0.]
 [0. 0. 0. 0. 0. 1. 0. 2. 0. 0. 0.]
 [0. 0. 0. 0. 1. 1. 1. 2. 0. 0. 0.]
 [0. 0. 0. 0. 1. 1. 2. 1. 0. 0. 0.]
 [0. 0. 0. 0. 1. 2. 2. 2. 2. 1. 0.]
 [0. 0. 0. 2. 0. 0. 0. 0. 0. 0. 0.]
 [0. 0. 0. 0. 0. 0. 0. 0. 0. 0. 0.]
 [0. 0. 0. 0. 0. 0. 0. 0. 0. 0. 0.]
 [0. 0. 0. 0. 0. 0. 0. 0. 0. 0. 0.]]
Move played: g6
Move played: e8
[[0. 0. 0. 0. 0. 0. 0. 0. 0. 0. 0.]
 [0. 0. 0. 0. 0. 0. 0. 0. 0. 0. 0.]
 [0. 0. 0. 0. 0. 2. 0. 0. 0. 0. 0.]
 [0. 0. 0. 0. 0. 1. 0. 2. 0. 0. 0.]
 [0. 0. 0. 0. 1. 1. 1. 2. 0. 0. 0.]
 [0. 0. 0. 0. 1. 1. 2. 1. 0. 0. 0.]
 [0. 0. 0. 0. 1. 2. 2. 2. 2. 1. 0.]
 [0. 0. 0. 2. 1. 0. 0. 0. 0. 0. 0.]
 [0. 0. 0. 0. 0. 0. 0. 0. 0. 0. 0.]
 [0. 0. 0. 0. 0. 0. 0. 0. 0. 0. 0.]
 [0. 0. 0. 0. 0. 0. 0. 0. 0. 0. 0.]]
move:[[0. 0. 0. 0. 0. 0. 0. 0. 0. 0. 0.]
 [0. 0. 0. 0. 0. 0. 0. 0. 0. 0. 0.]
 [0. 0. 0. 0. 0. 2. 0. 0. 0. 0. 0.]
 [0. 0. 0. 0. 0. 1. 0. 2. 0. 0. 0.]
 [0. 0. 0. 0. 1. 1. 1. 2. 0. 0. 0.]
 [0. 0. 0. 0. 1. 1. 2. 1. 2. 0. 0.]
 [0. 0. 0. 0. 1. 2. 2. 2. 2. 1. 0.]
 [0. 0. 0. 2. 1. 0. 0. 0. 0. 0. 0.]
 [0. 0. 0. 0. 0. 0. 0. 0. 0. 0. 0.]
 [0. 0. 0. 0. 0. 0. 0. 0. 0. 0. 0.]
 [0. 0. 0. 0. 0. 0. 0. 0. 0. 0. 0.]]
Move played: i6
Move played: f2
[[0. 0. 0. 0. 0. 0. 0. 0. 0. 0. 0.]
 [0. 0. 0. 0. 0. 1. 0. 0. 0. 0. 0.]
 [0. 0. 0. 0. 0. 2. 0. 0. 0. 0. 0.]
 [0. 0. 0. 0. 0. 1. 0. 2. 0. 0. 0.]
 [0. 0. 0. 0. 1. 1. 1. 2. 0. 0. 0.]
 [0. 0. 0. 0. 1. 1. 2. 1. 2. 0. 0.]
 [0. 0. 0. 0. 1. 2. 2. 2. 2. 1. 0.]
 [0. 0. 0. 2. 1. 0. 0. 0. 0. 0. 0.]
 [0. 0. 0. 0. 0. 0. 0. 0. 0. 0. 0.]
 [0. 0. 0. 0. 0. 0. 0. 0. 0. 0. 0.]
 [0. 0. 0. 0. 0. 0. 0. 0. 0. 0. 0.]]
move:[[0. 0. 0. 0. 0. 2. 0. 0. 0. 0. 0.]
 [0. 0. 0. 0. 0. 1. 0. 0. 0. 0. 0.]
 [0. 0. 0. 0. 0. 2. 0. 0. 0. 0. 0.]
 [0. 0. 0. 0. 0. 1. 0. 2. 0. 0. 0.]
 [0. 0. 0. 0. 1. 1. 1. 2. 0. 0. 0.]
 [0. 0. 0. 0. 1. 1. 2. 1. 2. 0. 0.]
 [0. 0. 0. 0. 1. 2. 2. 2. 2. 1. 0.]
 [0. 0. 0. 2. 1. 0. 0. 0. 0. 0. 0.]
 [0. 0. 0. 0. 0. 0. 0. 0. 0. 0. 0.]
 [0. 0. 0. 0. 0. 0. 0. 0. 0. 0. 0.]
 [0. 0. 0. 0. 0. 0. 0. 0. 0. 0. 0.]]
Move played: f1
Move played: e1
[[0. 0. 0. 0. 1. 2. 0. 0. 0. 0. 0.]
 [0. 0. 0. 0. 0. 1. 0. 0. 0. 0. 0.]
 [0. 0. 0. 0. 0. 2. 0. 0. 0. 0. 0.]
 [0. 0. 0. 0. 0. 1. 0. 2. 0. 0. 0.]
 [0. 0. 0. 0. 1. 1. 1. 2. 0. 0. 0.]
 [0. 0. 0. 0. 1. 1. 2. 1. 2. 0. 0.]
 [0. 0. 0. 0. 1. 2. 2. 2. 2. 1. 0.]
 [0. 0. 0. 2. 1. 0. 0. 0. 0. 0. 0.]
 [0. 0. 0. 0. 0. 0. 0. 0. 0. 0. 0.]
 [0. 0. 0. 0. 0. 0. 0. 0. 0. 0. 0.]
 [0. 0. 0. 0. 0. 0. 0. 0. 0. 0. 0.]]
move:[[0. 0. 0. 2. 1. 2. 0. 0. 0. 0. 0.]
 [0. 0. 0. 0. 0. 1. 0. 0. 0. 0. 0.]
 [0. 0. 0. 0. 0. 2. 0. 0. 0. 0. 0.]
 [0. 0. 0. 0. 0. 1. 0. 2. 0. 0. 0.]
 [0. 0. 0. 0. 1. 1. 1. 2. 0. 0. 0.]
 [0. 0. 0. 0. 1. 1. 2. 1. 2. 0. 0.]
 [0. 0. 0. 0. 1. 2. 2. 2. 2. 1. 0.]
 [0. 0. 0. 2. 1. 0. 0. 0. 0. 0. 0.]
 [0. 0. 0. 0. 0. 0. 0. 0. 0. 0. 0.]
 [0. 0. 0. 0. 0. 0. 0. 0. 0. 0. 0.]
 [0. 0. 0. 0. 0. 0. 0. 0. 0. 0. 0.]]
Move played: d1
Move played: c1
[[0. 0. 1. 2. 1. 2. 0. 0. 0. 0. 0.]
 [0. 0. 0. 0. 0. 1. 0. 0. 0. 0. 0.]
 [0. 0. 0. 0. 0. 2. 0. 0. 0. 0. 0.]
 [0. 0. 0. 0. 0. 1. 0. 2. 0. 0. 0.]
 [0. 0. 0. 0. 1. 1. 1. 2. 0. 0. 0.]
 [0. 0. 0. 0. 1. 1. 2. 1. 2. 0. 0.]
 [0. 0. 0. 0. 1. 2. 2. 2. 2. 1. 0.]
 [0. 0. 0. 2. 1. 0. 0. 0. 0. 0. 0.]
 [0. 0. 0. 0. 0. 0. 0. 0. 0. 0. 0.]
 [0. 0. 0. 0. 0. 0. 0. 0. 0. 0. 0.]
 [0. 0. 0. 0. 0. 0. 0. 0. 0. 0. 0.]]
move:[[0. 2. 1. 2. 1. 2. 0. 0. 0. 0. 0.]
 [0. 0. 0. 0. 0. 1. 0. 0. 0. 0. 0.]
 [0. 0. 0. 0. 0. 2. 0. 0. 0. 0. 0.]
 [0. 0. 0. 0. 0. 1. 0. 2. 0. 0. 0.]
 [0. 0. 0. 0. 1. 1. 1. 2. 0. 0. 0.]
 [0. 0. 0. 0. 1. 1. 2. 1. 2. 0. 0.]
 [0. 0. 0. 0. 1. 2. 2. 2. 2. 1. 0.]
 [0. 0. 0. 2. 1. 0. 0. 0. 0. 0. 0.]
 [0. 0. 0. 0. 0. 0. 0. 0. 0. 0. 0.]
 [0. 0. 0. 0. 0. 0. 0. 0. 0. 0. 0.]
 [0. 0. 0. 0. 0. 0. 0. 0. 0. 0. 0.]]
Move played: b1
Move played: a1
[[1. 2. 1. 2. 1. 2. 0. 0. 0. 0. 0.]
 [0. 0. 0. 0. 0. 1. 0. 0. 0. 0. 0.]
 [0. 0. 0. 0. 0. 2. 0. 0. 0. 0. 0.]
 [0. 0. 0. 0. 0. 1. 0. 2. 0. 0. 0.]
 [0. 0. 0. 0. 1. 1. 1. 2. 0. 0. 0.]
 [0. 0. 0. 0. 1. 1. 2. 1. 2. 0. 0.]
 [0. 0. 0. 0. 1. 2. 2. 2. 2. 1. 0.]
 [0. 0. 0. 2. 1. 0. 0. 0. 0. 0. 0.]
 [0. 0. 0. 0. 0. 0. 0. 0. 0. 0. 0.]
 [0. 0. 0. 0. 0. 0. 0. 0. 0. 0. 0.]
 [0. 0. 0. 0. 0. 0. 0. 0. 0. 0. 0.]]
move:[[1. 2. 1. 2. 1. 2. 0. 0. 0. 0. 0.]
 [2. 0. 0. 0. 0. 1. 0. 0. 0. 0. 0.]
 [0. 0. 0. 0. 0. 2. 0. 0. 0. 0. 0.]
 [0. 0. 0. 0. 0. 1. 0. 2. 0. 0. 0.]
 [0. 0. 0. 0. 1. 1. 1. 2. 0. 0. 0.]
 [0. 0. 0. 0. 1. 1. 2. 1. 2. 0. 0.]
 [0. 0. 0. 0. 1. 2. 2. 2. 2. 1. 0.]
 [0. 0. 0. 2. 1. 0. 0. 0. 0. 0. 0.]
 [0. 0. 0. 0. 0. 0. 0. 0. 0. 0. 0.]
 [0. 0. 0. 0. 0. 0. 0. 0. 0. 0. 0.]
 [0. 0. 0. 0. 0. 0. 0. 0. 0. 0. 0.]]
Move played: a2
Move played: b2
[[1. 2. 1. 2. 1. 2. 0. 0. 0. 0. 0.]
 [2. 1. 0. 0. 0. 1. 0. 0. 0. 0. 0.]
 [0. 0. 0. 0. 0. 2. 0. 0. 0. 0. 0.]
 [0. 0. 0. 0. 0. 1. 0. 2. 0. 0. 0.]
 [0. 0. 0. 0. 1. 1. 1. 2. 0. 0. 0.]
 [0. 0. 0. 0. 1. 1. 2. 1. 2. 0. 0.]
 [0. 0. 0. 0. 1. 2. 2. 2. 2. 1. 0.]
 [0. 0. 0. 2. 1. 0. 0. 0. 0. 0. 0.]
 [0. 0. 0. 0. 0. 0. 0. 0. 0. 0. 0.]
 [0. 0. 0. 0. 0. 0. 0. 0. 0. 0. 0.]
 [0. 0. 0. 0. 0. 0. 0. 0. 0. 0. 0.]]
move:[[1. 2. 1. 2. 1. 2. 0. 0. 0. 0. 0.]
 [2. 1. 2. 0. 0. 1. 0. 0. 0. 0. 0.]
 [0. 0. 0. 0. 0. 2. 0. 0. 0. 0. 0.]
 [0. 0. 0. 0. 0. 1. 0. 2. 0. 0. 0.]
 [0. 0. 0. 0. 1. 1. 1. 2. 0. 0. 0.]
 [0. 0. 0. 0. 1. 1. 2. 1. 2. 0. 0.]
 [0. 0. 0. 0. 1. 2. 2. 2. 2. 1. 0.]
 [0. 0. 0. 2. 1. 0. 0. 0. 0. 0. 0.]
 [0. 0. 0. 0. 0. 0. 0. 0. 0. 0. 0.]
 [0. 0. 0. 0. 0. 0. 0. 0. 0. 0. 0.]
 [0. 0. 0. 0. 0. 0. 0. 0. 0. 0. 0.]]
Move played: c2
Move played: e2
[[1. 2. 1. 2. 1. 2. 0. 0. 0. 0. 0.]
 [2. 1. 2. 0. 1. 1. 0. 0. 0. 0. 0.]
 [0. 0. 0. 0. 0. 2. 0. 0. 0. 0. 0.]
 [0. 0. 0. 0. 0. 1. 0. 2. 0. 0. 0.]
 [0. 0. 0. 0. 1. 1. 1. 2. 0. 0. 0.]
 [0. 0. 0. 0. 1. 1. 2. 1. 2. 0. 0.]
 [0. 0. 0. 0. 1. 2. 2. 2. 2. 1. 0.]
 [0. 0. 0. 2. 1. 0. 0. 0. 0. 0. 0.]
 [0. 0. 0. 0. 0. 0. 0. 0. 0. 0. 0.]
 [0. 0. 0. 0. 0. 0. 0. 0. 0. 0. 0.]
 [0. 0. 0. 0. 0. 0. 0. 0. 0. 0. 0.]]
move:[[1. 2. 1. 2. 1. 2. 0. 0. 0. 0. 0.]
 [2. 1. 2. 2. 1. 1. 0. 0. 0. 0. 0.]
 [0. 0. 0. 0. 0. 2. 0. 0. 0. 0. 0.]
 [0. 0. 0. 0. 0. 1. 0. 2. 0. 0. 0.]
 [0. 0. 0. 0. 1. 1. 1. 2. 0. 0. 0.]
 [0. 0. 0. 0. 1. 1. 2. 1. 2. 0. 0.]
 [0. 0. 0. 0. 1. 2. 2. 2. 2. 1. 0.]
 [0. 0. 0. 2. 1. 0. 0. 0. 0. 0. 0.]
 [0. 0. 0. 0. 0. 0. 0. 0. 0. 0. 0.]
 [0. 0. 0. 0. 0. 0. 0. 0. 0. 0. 0.]
 [0. 0. 0. 0. 0. 0. 0. 0. 0. 0. 0.]]
Move played: d2
Move played: g2
[[1. 2. 1. 2. 1. 2. 0. 0. 0. 0. 0.]
 [2. 1. 2. 2. 1. 1. 1. 0. 0. 0. 0.]
 [0. 0. 0. 0. 0. 2. 0. 0. 0. 0. 0.]
 [0. 0. 0. 0. 0. 1. 0. 2. 0. 0. 0.]
 [0. 0. 0. 0. 1. 1. 1. 2. 0. 0. 0.]
 [0. 0. 0. 0. 1. 1. 2. 1. 2. 0. 0.]
 [0. 0. 0. 0. 1. 2. 2. 2. 2. 1. 0.]
 [0. 0. 0. 2. 1. 0. 0. 0. 0. 0. 0.]
 [0. 0. 0. 0. 0. 0. 0. 0. 0. 0. 0.]
 [0. 0. 0. 0. 0. 0. 0. 0. 0. 0. 0.]
 [0. 0. 0. 0. 0. 0. 0. 0. 0. 0. 0.]]
move:[[1. 2. 1. 2. 1. 2. 0. 0. 0. 0. 0.]
 [2. 1. 2. 2. 1. 1. 1. 0. 0. 0. 0.]
 [0. 0. 0. 0. 0. 2. 2. 0. 0. 0. 0.]
 [0. 0. 0. 0. 0. 1. 0. 2. 0. 0. 0.]
 [0. 0. 0. 0. 1. 1. 1. 2. 0. 0. 0.]
 [0. 0. 0. 0. 1. 1. 2. 1. 2. 0. 0.]
 [0. 0. 0. 0. 1. 2. 2. 2. 2. 1. 0.]
 [0. 0. 0. 2. 1. 0. 0. 0. 0. 0. 0.]
 [0. 0. 0. 0. 0. 0. 0. 0. 0. 0. 0.]
 [0. 0. 0. 0. 0. 0. 0. 0. 0. 0. 0.]
 [0. 0. 0. 0. 0. 0. 0. 0. 0. 0. 0.]]
Move played: g3
Move played: g1
[[1. 2. 1. 2. 1. 2. 1. 0. 0. 0. 0.]
 [2. 1. 2. 2. 1. 1. 1. 0. 0. 0. 0.]
 [0. 0. 0. 0. 0. 2. 2. 0. 0. 0. 0.]
 [0. 0. 0. 0. 0. 1. 0. 2. 0. 0. 0.]
 [0. 0. 0. 0. 1. 1. 1. 2. 0. 0. 0.]
 [0. 0. 0. 0. 1. 1. 2. 1. 2. 0. 0.]
 [0. 0. 0. 0. 1. 2. 2. 2. 2. 1. 0.]
 [0. 0. 0. 2. 1. 0. 0. 0. 0. 0. 0.]
 [0. 0. 0. 0. 0. 0. 0. 0. 0. 0. 0.]
 [0. 0. 0. 0. 0. 0. 0. 0. 0. 0. 0.]
 [0. 0. 0. 0. 0. 0. 0. 0. 0. 0. 0.]]
move:[[1. 2. 1. 2. 1. 2. 1. 2. 0. 0. 0.]
 [2. 1. 2. 2. 1. 1. 1. 0. 0. 0. 0.]
 [0. 0. 0. 0. 0. 2. 2. 0. 0. 0. 0.]
 [0. 0. 0. 0. 0. 1. 0. 2. 0. 0. 0.]
 [0. 0. 0. 0. 1. 1. 1. 2. 0. 0. 0.]
 [0. 0. 0. 0. 1. 1. 2. 1. 2. 0. 0.]
 [0. 0. 0. 0. 1. 2. 2. 2. 2. 1. 0.]
 [0. 0. 0. 2. 1. 0. 0. 0. 0. 0. 0.]
 [0. 0. 0. 0. 0. 0. 0. 0. 0. 0. 0.]
 [0. 0. 0. 0. 0. 0. 0. 0. 0. 0. 0.]
 [0. 0. 0. 0. 0. 0. 0. 0. 0. 0. 0.]]
Move played: h1
Move played: h2
[[1. 2. 1. 2. 1. 2. 1. 2. 0. 0. 0.]
 [2. 1. 2. 2. 1. 1. 1. 1. 0. 0. 0.]
 [0. 0. 0. 0. 0. 2. 2. 0. 0. 0. 0.]
 [0. 0. 0. 0. 0. 1. 0. 2. 0. 0. 0.]
 [0. 0. 0. 0. 1. 1. 1. 2. 0. 0. 0.]
 [0. 0. 0. 0. 1. 1. 2. 1. 2. 0. 0.]
 [0. 0. 0. 0. 1. 2. 2. 2. 2. 1. 0.]
 [0. 0. 0. 2. 1. 0. 0. 0. 0. 0. 0.]
 [0. 0. 0. 0. 0. 0. 0. 0. 0. 0. 0.]
 [0. 0. 0. 0. 0. 0. 0. 0. 0. 0. 0.]
 [0. 0. 0. 0. 0. 0. 0. 0. 0. 0. 0.]]
move:[[1. 2. 1. 2. 1. 2. 1. 2. 0. 0. 0.]
 [2. 1. 2. 2. 1. 1. 1. 1. 0. 0. 0.]
 [0. 0. 0. 0. 0. 2. 2. 0. 0. 0. 0.]
 [0. 0. 0. 0. 0. 1. 0. 2. 0. 0. 0.]
 [0. 0. 0. 0. 1. 1. 1. 2. 2. 0. 0.]
 [0. 0. 0. 0. 1. 1. 2. 1. 2. 0. 0.]
 [0. 0. 0. 0. 1. 2. 2. 2. 2. 1. 0.]
 [0. 0. 0. 2. 1. 0. 0. 0. 0. 0. 0.]
 [0. 0. 0. 0. 0. 0. 0. 0. 0. 0. 0.]
 [0. 0. 0. 0. 0. 0. 0. 0. 0. 0. 0.]
 [0. 0. 0. 0. 0. 0. 0. 0. 0. 0. 0.]]
Move played: i5
Move played: i2
