move:[[0. 0. 0. 0. 0. 0. 0. 0. 0. 0. 0.]
 [0. 0. 0. 0. 0. 0. 0. 0. 0. 0. 0.]
 [0. 0. 0. 0. 0. 0. 0. 0. 0. 0. 0.]
 [0. 0. 0. 0. 0. 0. 0. 0. 0. 0. 0.]
 [0. 0. 0. 0. 0. 0. 0. 0. 0. 0. 0.]
 [0. 0. 0. 0. 0. 1. 0. 0. 0. 0. 0.]
 [0. 0. 0. 0. 0. 0. 0. 0. 0. 0. 0.]
 [0. 0. 0. 0. 0. 0. 0. 0. 0. 0. 0.]
 [0. 0. 0. 0. 0. 0. 0. 0. 0. 0. 0.]
 [0. 0. 0. 0. 0. 0. 0. 0. 0. 0. 0.]
 [0. 0. 0. 0. 0. 0. 0. 0. 0. 0. 0.]]
Move played: f6
Move played: g7
[[0. 0. 0. 0. 0. 0. 0. 0. 0. 0. 0.]
 [0. 0. 0. 0. 0. 0. 0. 0. 0. 0. 0.]
 [0. 0. 0. 0. 0. 0. 0. 0. 0. 0. 0.]
 [0. 0. 0. 0. 0. 0. 0. 0. 0. 0. 0.]
 [0. 0. 0. 0. 0. 0. 0. 0. 0. 0. 0.]
 [0. 0. 0. 0. 0. 1. 0. 0. 0. 0. 0.]
 [0. 0. 0. 0. 0. 0. 2. 0. 0. 0. 0.]
 [0. 0. 0. 0. 0. 0. 0. 0. 0. 0. 0.]
 [0. 0. 0. 0. 0. 0. 0. 0. 0. 0. 0.]
 [0. 0. 0. 0. 0. 0. 0. 0. 0. 0. 0.]
 [0. 0. 0. 0. 0. 0. 0. 0. 0. 0. 0.]]
move:[[0. 0. 0. 0. 0. 0. 0. 0. 0. 0. 0.]
 [0. 0. 0. 0. 0. 0. 0. 0. 0. 0. 0.]
 [0. 0. 0. 0. 0. 0. 0. 0. 0. 0. 0.]
 [0. 0. 0. 0. 0. 0. 0. 0. 0. 0. 0.]
 [0. 0. 0. 0. 0. 0. 1. 0. 0. 0. 0.]
 [0. 0. 0. 0. 0. 1. 0. 0. 0. 0. 0.]
 [0. 0. 0. 0. 0. 0. 2. 0. 0. 0. 0.]
 [0. 0. 0. 0. 0. 0. 0. 0. 0. 0. 0.]
 [0. 0. 0. 0. 0. 0. 0. 0. 0. 0. 0.]
 [0. 0. 0. 0. 0. 0. 0. 0. 0. 0. 0.]
 [0. 0. 0. 0. 0. 0. 0. 0. 0. 0. 0.]]
Move played: g5
Move played: h4
[[0. 0. 0. 0. 0. 0. 0. 0. 0. 0. 0.]
 [0. 0. 0. 0. 0. 0. 0. 0. 0. 0. 0.]
 [0. 0. 0. 0. 0. 0. 0. 0. 0. 0. 0.]
 [0. 0. 0. 0. 0. 0. 0. 2. 0. 0. 0.]
 [0. 0. 0. 0. 0. 0. 1. 0. 0. 0. 0.]
 [0. 0. 0. 0. 0. 1. 0. 0. 0. 0. 0.]
 [0. 0. 0. 0. 0. 0. 2. 0. 0. 0. 0.]
 [0. 0. 0. 0. 0. 0. 0. 0. 0. 0. 0.]
 [0. 0. 0. 0. 0. 0. 0. 0. 0. 0. 0.]
 [0. 0. 0. 0. 0. 0. 0. 0. 0. 0. 0.]
 [0. 0. 0. 0. 0. 0. 0. 0. 0. 0. 0.]]
move:[[0. 0. 0. 0. 0. 0. 0. 0. 0. 0. 0.]
 [0. 0. 0. 0. 0. 0. 0. 0. 0. 0. 0.]
 [0. 0. 0. 0. 0. 0. 0. 0. 0. 0. 0.]
 [0. 0. 0. 0. 0. 0. 0. 2. 0. 0. 0.]
 [0. 0. 0. 0. 0. 1. 1. 0. 0. 0. 0.]
 [0. 0. 0. 0. 0. 1. 0. 0. 0. 0. 0.]
 [0. 0. 0. 0. 0. 0. 2. 0. 0. 0. 0.]
 [0. 0. 0. 0. 0. 0. 0. 0. 0. 0. 0.]
 [0. 0. 0. 0. 0. 0. 0. 0. 0. 0. 0.]
 [0. 0. 0. 0. 0. 0. 0. 0. 0. 0. 0.]
 [0. 0. 0. 0. 0. 0. 0. 0. 0. 0. 0.]]
Move played: f5
Move played: f7
[[0. 0. 0. 0. 0. 0. 0. 0. 0. 0. 0.]
 [0. 0. 0. 0. 0. 0. 0. 0. 0. 0. 0.]
 [0. 0. 0. 0. 0. 0. 0. 0. 0. 0. 0.]
 [0. 0. 0. 0. 0. 0. 0. 2. 0. 0. 0.]
 [0. 0. 0. 0. 0. 1. 1. 0. 0. 0. 0.]
 [0. 0. 0. 0. 0. 1. 0. 0. 0. 0. 0.]
 [0. 0. 0. 0. 0. 2. 2. 0. 0. 0. 0.]
 [0. 0. 0. 0. 0. 0. 0. 0. 0. 0. 0.]
 [0. 0. 0. 0. 0. 0. 0. 0. 0. 0. 0.]
 [0. 0. 0. 0. 0. 0. 0. 0. 0. 0. 0.]
 [0. 0. 0. 0. 0. 0. 0. 0. 0. 0. 0.]]
move:[[0. 0. 0. 0. 0. 0. 0. 0. 0. 0. 0.]
 [0. 0. 0. 0. 0. 0. 0. 0. 0. 0. 0.]
 [0. 0. 0. 0. 0. 0. 0. 0. 0. 0. 0.]
 [0. 0. 0. 0. 0. 0. 0. 2. 0. 0. 0.]
 [0. 0. 0. 0. 0. 1. 1. 0. 0. 0. 0.]
 [0. 0. 0. 0. 0. 1. 0. 0. 0. 0. 0.]
 [0. 0. 0. 0. 1. 2. 2. 0. 0. 0. 0.]
 [0. 0. 0. 0. 0. 0. 0. 0. 0. 0. 0.]
 [0. 0. 0. 0. 0. 0. 0. 0. 0. 0. 0.]
 [0. 0. 0. 0. 0. 0. 0. 0. 0. 0. 0.]
 [0. 0. 0. 0. 0. 0. 0. 0. 0. 0. 0.]]
Move played: e7
Move played: d8
[[0. 0. 0. 0. 0. 0. 0. 0. 0. 0. 0.]
 [0. 0. 0. 0. 0. 0. 0. 0. 0. 0. 0.]
 [0. 0. 0. 0. 0. 0. 0. 0. 0. 0. 0.]
 [0. 0. 0. 0. 0. 0. 0. 2. 0. 0. 0.]
 [0. 0. 0. 0. 0. 1. 1. 0. 0. 0. 0.]
 [0. 0. 0. 0. 0. 1. 0. 0. 0. 0. 0.]
 [0. 0. 0. 0. 1. 2. 2. 0. 0. 0. 0.]
 [0. 0. 0. 2. 0. 0. 0. 0. 0. 0. 0.]
 [0. 0. 0. 0. 0. 0. 0. 0. 0. 0. 0.]
 [0. 0. 0. 0. 0. 0. 0. 0. 0. 0. 0.]
 [0. 0. 0. 0. 0. 0. 0. 0. 0. 0. 0.]]
move:[[0. 0. 0. 0. 0. 0. 0. 0. 0. 0. 0.]
 [0. 0. 0. 0. 0. 0. 0. 0. 0. 0. 0.]
 [0. 0. 0. 0. 0. 0. 0. 0. 0. 0. 0.]
 [0. 0. 0. 0. 0. 1. 0. 2. 0. 0. 0.]
 [0. 0. 0. 0. 0. 1. 1. 0. 0. 0. 0.]
 [0. 0. 0. 0. 0. 1. 0. 0. 0. 0. 0.]
 [0. 0. 0. 0. 1. 2. 2. 0. 0. 0. 0.]
 [0. 0. 0. 2. 0. 0. 0. 0. 0. 0. 0.]
 [0. 0. 0. 0. 0. 0. 0. 0. 0. 0. 0.]
 [0. 0. 0. 0. 0. 0. 0. 0. 0. 0. 0.]
 [0. 0. 0. 0. 0. 0. 0. 0. 0. 0. 0.]]
Move played: f4
Move played: f3
[[0. 0. 0. 0. 0. 0. 0. 0. 0. 0. 0.]
 [0. 0. 0. 0. 0. 0. 0. 0. 0. 0. 0.]
 [0. 0. 0. 0. 0. 2. 0. 0. 0. 0. 0.]
 [0. 0. 0. 0. 0. 1. 0. 2. 0. 0. 0.]
 [0. 0. 0. 0. 0. 1. 1. 0. 0. 0. 0.]
 [0. 0. 0. 0. 0. 1. 0. 0. 0. 0. 0.]
 [0. 0. 0. 0. 1. 2. 2. 0. 0. 0. 0.]
 [0. 0. 0. 2. 0. 0. 0. 0. 0. 0. 0.]
 [0. 0. 0. 0. 0. 0. 0. 0. 0. 0. 0.]
 [0. 0. 0. 0. 0. 0. 0. 0. 0. 0. 0.]
 [0. 0. 0. 0. 0. 0. 0. 0. 0. 0. 0.]]
move:[[0. 0. 0. 0. 0. 0. 0. 0. 0. 0. 0.]
 [0. 0. 0. 0. 0. 0. 0. 0. 0. 0. 0.]
 [0. 0. 0. 0. 0. 2. 0. 0. 0. 0. 0.]
 [0. 0. 0. 0. 0. 1. 0. 2. 0. 0. 0.]
 [0. 0. 0. 0. 1. 1. 1. 0. 0. 0. 0.]
 [0. 0. 0. 0. 0. 1. 0. 0. 0. 0. 0.]
 [0. 0. 0. 0. 1. 2. 2. 0. 0. 0. 0.]
 [0. 0. 0. 2. 0. 0. 0. 0. 0. 0. 0.]
 [0. 0. 0. 0. 0. 0. 0. 0. 0. 0. 0.]
 [0. 0. 0. 0. 0. 0. 0. 0. 0. 0. 0.]
 [0. 0. 0. 0. 0. 0. 0. 0. 0. 0. 0.]]
Move played: e5
Move played: h5
[[0. 0. 0. 0. 0. 0. 0. 0. 0. 0. 0.]
 [0. 0. 0. 0. 0. 0. 0. 0. 0. 0. 0.]
 [0. 0. 0. 0. 0. 2. 0. 0. 0. 0. 0.]
 [0. 0. 0. 0. 0. 1. 0. 2. 0. 0. 0.]
 [0. 0. 0. 0. 1. 1. 1. 2. 0. 0. 0.]
 [0. 0. 0. 0. 0. 1. 0. 0. 0. 0. 0.]
 [0. 0. 0. 0. 1. 2. 2. 0. 0. 0. 0.]
 [0. 0. 0. 2. 0. 0. 0. 0. 0. 0. 0.]
 [0. 0. 0. 0. 0. 0. 0. 0. 0. 0. 0.]
 [0. 0. 0. 0. 0. 0. 0. 0. 0. 0. 0.]
 [0. 0. 0. 0. 0. 0. 0. 0. 0. 0. 0.]]
move:[[0. 0. 0. 0. 0. 0. 0. 0. 0. 0. 0.]
 [0. 0. 0. 0. 0. 0. 0. 0. 0. 0. 0.]
 [0. 0. 0. 0. 0. 2. 0. 0. 0. 0. 0.]
 [0. 0. 0. 0. 0. 1. 0. 2. 0. 0. 0.]
 [0. 0. 0. 0. 1. 1. 1. 2. 0. 0. 0.]
 [0. 0. 0. 0. 0. 1. 0. 1. 0. 0. 0.]
 [0. 0. 0. 0. 1. 2. 2. 0. 0. 0. 0.]
 [0. 0. 0. 2. 0. 0. 0. 0. 0. 0. 0.]
 [0. 0. 0. 0. 0. 0. 0. 0. 0. 0. 0.]
 [0. 0. 0. 0. 0. 0. 0. 0. 0. 0. 0.]
 [0. 0. 0. 0. 0. 0. 0. 0. 0. 0. 0.]]
Move played: h6
Move played: i7
[[0. 0. 0. 0. 0. 0. 0. 0. 0. 0. 0.]
 [0. 0. 0. 0. 0. 0. 0. 0. 0. 0. 0.]
 [0. 0. 0. 0. 0. 2. 0. 0. 0. 0. 0.]
 [0. 0. 0. 0. 0. 1. 0. 2. 0. 0. 0.]
 [0. 0. 0. 0. 1. 1. 1. 2. 0. 0. 0.]
 [0. 0. 0. 0. 0. 1. 0. 1. 0. 0. 0.]
 [0. 0. 0. 0. 1. 2. 2. 0. 2. 0. 0.]
 [0. 0. 0. 2. 0. 0. 0. 0. 0. 0. 0.]
 [0. 0. 0. 0. 0. 0. 0. 0. 0. 0. 0.]
 [0. 0. 0. 0. 0. 0. 0. 0. 0. 0. 0.]
 [0. 0. 0. 0. 0. 0. 0. 0. 0. 0. 0.]]
move:[[0. 0. 0. 0. 0. 0. 0. 0. 0. 0. 0.]
 [0. 0. 0. 0. 0. 0. 0. 0. 0. 0. 0.]
 [0. 0. 0. 0. 0. 2. 0. 0. 0. 0. 0.]
 [0. 0. 0. 0. 0. 1. 0. 2. 0. 0. 0.]
 [0. 0. 0. 0. 1. 1. 1. 2. 0. 0. 0.]
 [0. 0. 0. 0. 1. 1. 0. 1. 0. 0. 0.]
 [0. 0. 0. 0. 1. 2. 2. 0. 2. 0. 0.]
 [0. 0. 0. 2. 0. 0. 0. 0. 0. 0. 0.]
 [0. 0. 0. 0. 0. 0. 0. 0. 0. 0. 0.]
 [0. 0. 0. 0. 0. 0. 0. 0. 0. 0. 0.]
 [0. 0. 0. 0. 0. 0. 0. 0. 0. 0. 0.]]
Move played: e6
Move played: h7
[[0. 0. 0. 0. 0. 0. 0. 0. 0. 0. 0.]
 [0. 0. 0. 0. 0. 0. 0. 0. 0. 0. 0.]
 [0. 0. 0. 0. 0. 2. 0. 0. 0. 0. 0.]
 [0. 0. 0. 0. 0. 1. 0. 2. 0. 0. 0.]
 [0. 0. 0. 0. 1. 1. 1. 2. 0. 0. 0.]
 [0. 0. 0. 0. 1. 1. 0. 1. 0. 0. 0.]
 [0. 0. 0. 0. 1. 2. 2. 2. 2. 0. 0.]
 [0. 0. 0. 2. 0. 0. 0. 0. 0. 0. 0.]
 [0. 0. 0. 0. 0. 0. 0. 0. 0. 0. 0.]
 [0. 0. 0. 0. 0. 0. 0. 0. 0. 0. 0.]
 [0. 0. 0. 0. 0. 0. 0. 0. 0. 0. 0.]]
move:[[0. 0. 0. 0. 0. 0. 0. 0. 0. 0. 0.]
 [0. 0. 0. 0. 0. 0. 0. 0. 0. 0. 0.]
 [0. 0. 0. 0. 0. 2. 0. 0. 0. 0. 0.]
 [0. 0. 0. 0. 0. 1. 0. 2. 0. 0. 0.]
 [0. 0. 0. 0. 1. 1. 1. 2. 0. 0. 0.]
 [0. 0. 0. 0. 1. 1. 0. 1. 0. 0. 0.]
 [0. 0. 0. 0. 1. 2. 2. 2. 2. 1. 0.]
 [0. 0. 0. 2. 0. 0. 0. 0. 0. 0. 0.]
 [0. 0. 0. 0. 0. 0. 0. 0. 0. 0. 0.]
 [0. 0. 0. 0. 0. 0. 0. 0. 0. 0. 0.]
 [0. 0. 0. 0. 0. 0. 0. 0. 0. 0. 0.]]
Move played: j7
Move played: g6
[[0. 0. 0. 0. 0. 0. 0. 0. 0. 0. 0.]
 [0. 0. 0. 0. 0. 0. 0. 0. 0. 0. 0.]
 [0. 0. 0. 0. 0. 2. 0. 0. 0. 0. 0.]
 [0. 0. 0. 0. 0. 1. 0. 2. 0. 0. 0.]
 [0. 0. 0. 0. 1. 1. 1. 2. 0. 0. 0.]
 [0. 0. 0. 0. 1. 1. 2. 1. 0. 0. 0.]
 [0. 0. 0. 0. 1. 2. 2. 2. 2. 1. 0.]
 [0. 0. 0. 2. 0. 0. 0. 0. 0. 0. 0.]
 [0. 0. 0. 0. 0. 0. 0. 0. 0. 0. 0.]
 [0. 0. 0. 0. 0. 0. 0. 0. 0. 0. 0.]
 [0. 0. 0. 0. 0. 0. 0. 0. 0. 0. 0.]]
move:[[0. 0. 0. 0. 0. 0. 0. 0. 0. 0. 0.]
 [0. 0. 0. 0. 0. 0. 0. 0. 0. 0. 0.]
 [0. 0. 0. 0. 0. 2. 0. 0. 0. 0. 0.]
 [0. 0. 0. 0. 0. 1. 0. 2. 0. 0. 0.]
 [0. 0. 0. 0. 1. 1. 1. 2. 0. 0. 0.]
 [0. 0. 0. 0. 1. 1. 2. 1. 0. 0. 0.]
 [0. 0. 0. 0. 1. 2. 2. 2. 2. 1. 0.]
 [0. 0. 0. 2. 1. 0. 0. 0. 0. 0. 0.]
 [0. 0. 0. 0. 0. 0. 0. 0. 0. 0. 0.]
 [0. 0. 0. 0. 0. 0. 0. 0. 0. 0. 0.]
 [0. 0. 0. 0. 0. 0. 0. 0. 0. 0. 0.]]
Move played: e8
Move played: i6
[[0. 0. 0. 0. 0. 0. 0. 0. 0. 0. 0.]
 [0. 0. 0. 0. 0. 0. 0. 0. 0. 0. 0.]
 [0. 0. 0. 0. 0. 2. 0. 0. 0. 0. 0.]
 [0. 0. 0. 0. 0. 1. 0. 2. 0. 0. 0.]
 [0. 0. 0. 0. 1. 1. 1. 2. 0. 0. 0.]
 [0. 0. 0. 0. 1. 1. 2. 1. 2. 0. 0.]
 [0. 0. 0. 0. 1. 2. 2. 2. 2. 1. 0.]
 [0. 0. 0. 2. 1. 0. 0. 0. 0. 0. 0.]
 [0. 0. 0. 0. 0. 0. 0. 0. 0. 0. 0.]
 [0. 0. 0. 0. 0. 0. 0. 0. 0. 0. 0.]
 [0. 0. 0. 0. 0. 0. 0. 0. 0. 0. 0.]]
move:[[0. 0. 0. 0. 0. 0. 0. 0. 0. 0. 0.]
 [0. 0. 0. 0. 0. 1. 0. 0. 0. 0. 0.]
 [0. 0. 0. 0. 0. 2. 0. 0. 0. 0. 0.]
 [0. 0. 0. 0. 0. 1. 0. 2. 0. 0. 0.]
 [0. 0. 0. 0. 1. 1. 1. 2. 0. 0. 0.]
 [0. 0. 0. 0. 1. 1. 2. 1. 2. 0. 0.]
 [0. 0. 0. 0. 1. 2. 2. 2. 2. 1. 0.]
 [0. 0. 0. 2. 1. 0. 0. 0. 0. 0. 0.]
 [0. 0. 0. 0. 0. 0. 0. 0. 0. 0. 0.]
 [0. 0. 0. 0. 0. 0. 0. 0. 0. 0. 0.]
 [0. 0. 0. 0. 0. 0. 0. 0. 0. 0. 0.]]
Move played: f2
Move played: f1
[[0. 0. 0. 0. 0. 2. 0. 0. 0. 0. 0.]
 [0. 0. 0. 0. 0. 1. 0. 0. 0. 0. 0.]
 [0. 0. 0. 0. 0. 2. 0. 0. 0. 0. 0.]
 [0. 0. 0. 0. 0. 1. 0. 2. 0. 0. 0.]
 [0. 0. 0. 0. 1. 1. 1. 2. 0. 0. 0.]
 [0. 0. 0. 0. 1. 1. 2. 1. 2. 0. 0.]
 [0. 0. 0. 0. 1. 2. 2. 2. 2. 1. 0.]
 [0. 0. 0. 2. 1. 0. 0. 0. 0. 0. 0.]
 [0. 0. 0. 0. 0. 0. 0. 0. 0. 0. 0.]
 [0. 0. 0. 0. 0. 0. 0. 0. 0. 0. 0.]
 [0. 0. 0. 0. 0. 0. 0. 0. 0. 0. 0.]]
move:[[0. 0. 0. 0. 1. 2. 0. 0. 0. 0. 0.]
 [0. 0. 0. 0. 0. 1. 0. 0. 0. 0. 0.]
 [0. 0. 0. 0. 0. 2. 0. 0. 0. 0. 0.]
 [0. 0. 0. 0. 0. 1. 0. 2. 0. 0. 0.]
 [0. 0. 0. 0. 1. 1. 1. 2. 0. 0. 0.]
 [0. 0. 0. 0. 1. 1. 2. 1. 2. 0. 0.]
 [0. 0. 0. 0. 1. 2. 2. 2. 2. 1. 0.]
 [0. 0. 0. 2. 1. 0. 0. 0. 0. 0. 0.]
 [0. 0. 0. 0. 0. 0. 0. 0. 0. 0. 0.]
 [0. 0. 0. 0. 0. 0. 0. 0. 0. 0. 0.]
 [0. 0. 0. 0. 0. 0. 0. 0. 0. 0. 0.]]
Move played: e1
Move played: d1
[[0. 0. 0. 2. 1. 2. 0. 0. 0. 0. 0.]
 [0. 0. 0. 0. 0. 1. 0. 0. 0. 0. 0.]
 [0. 0. 0. 0. 0. 2. 0. 0. 0. 0. 0.]
 [0. 0. 0. 0. 0. 1. 0. 2. 0. 0. 0.]
 [0. 0. 0. 0. 1. 1. 1. 2. 0. 0. 0.]
 [0. 0. 0. 0. 1. 1. 2. 1. 2. 0. 0.]
 [0. 0. 0. 0. 1. 2. 2. 2. 2. 1. 0.]
 [0. 0. 0. 2. 1. 0. 0. 0. 0. 0. 0.]
 [0. 0. 0. 0. 0. 0. 0. 0. 0. 0. 0.]
 [0. 0. 0. 0. 0. 0. 0. 0. 0. 0. 0.]
 [0. 0. 0. 0. 0. 0. 0. 0. 0. 0. 0.]]
move:[[0. 0. 1. 2. 1. 2. 0. 0. 0. 0. 0.]
 [0. 0. 0. 0. 0. 1. 0. 0. 0. 0. 0.]
 [0. 0. 0. 0. 0. 2. 0. 0. 0. 0. 0.]
 [0. 0. 0. 0. 0. 1. 0. 2. 0. 0. 0.]
 [0. 0. 0. 0. 1. 1. 1. 2. 0. 0. 0.]
 [0. 0. 0. 0. 1. 1. 2. 1. 2. 0. 0.]
 [0. 0. 0. 0. 1. 2. 2. 2. 2. 1. 0.]
 [0. 0. 0. 2. 1. 0. 0. 0. 0. 0. 0.]
 [0. 0. 0. 0. 0. 0. 0. 0. 0. 0. 0.]
 [0. 0. 0. 0. 0. 0. 0. 0. 0. 0. 0.]
 [0. 0. 0. 0. 0. 0. 0. 0. 0. 0. 0.]]
Move played: c1
Move played: b1
[[0. 2. 1. 2. 1. 2. 0. 0. 0. 0. 0.]
 [0. 0. 0. 0. 0. 1. 0. 0. 0. 0. 0.]
 [0. 0. 0. 0. 0. 2. 0. 0. 0. 0. 0.]
 [0. 0. 0. 0. 0. 1. 0. 2. 0. 0. 0.]
 [0. 0. 0. 0. 1. 1. 1. 2. 0. 0. 0.]
 [0. 0. 0. 0. 1. 1. 2. 1. 2. 0. 0.]
 [0. 0. 0. 0. 1. 2. 2. 2. 2. 1. 0.]
 [0. 0. 0. 2. 1. 0. 0. 0. 0. 0. 0.]
 [0. 0. 0. 0. 0. 0. 0. 0. 0. 0. 0.]
 [0. 0. 0. 0. 0. 0. 0. 0. 0. 0. 0.]
 [0. 0. 0. 0. 0. 0. 0. 0. 0. 0. 0.]]
move:[[1. 2. 1. 2. 1. 2. 0. 0. 0. 0. 0.]
 [0. 0. 0. 0. 0. 1. 0. 0. 0. 0. 0.]
 [0. 0. 0. 0. 0. 2. 0. 0. 0. 0. 0.]
 [0. 0. 0. 0. 0. 1. 0. 2. 0. 0. 0.]
 [0. 0. 0. 0. 1. 1. 1. 2. 0. 0. 0.]
 [0. 0. 0. 0. 1. 1. 2. 1. 2. 0. 0.]
 [0. 0. 0. 0. 1. 2. 2. 2. 2. 1. 0.]
 [0. 0. 0. 2. 1. 0. 0. 0. 0. 0. 0.]
 [0. 0. 0. 0. 0. 0. 0. 0. 0. 0. 0.]
 [0. 0. 0. 0. 0. 0. 0. 0. 0. 0. 0.]
 [0. 0. 0. 0. 0. 0. 0. 0. 0. 0. 0.]]
Move played: a1
Move played: a2
[[1. 2. 1. 2. 1. 2. 0. 0. 0. 0. 0.]
 [2. 0. 0. 0. 0. 1. 0. 0. 0. 0. 0.]
 [0. 0. 0. 0. 0. 2. 0. 0. 0. 0. 0.]
 [0. 0. 0. 0. 0. 1. 0. 2. 0. 0. 0.]
 [0. 0. 0. 0. 1. 1. 1. 2. 0. 0. 0.]
 [0. 0. 0. 0. 1. 1. 2. 1. 2. 0. 0.]
 [0. 0. 0. 0. 1. 2. 2. 2. 2. 1. 0.]
 [0. 0. 0. 2. 1. 0. 0. 0. 0. 0. 0.]
 [0. 0. 0. 0. 0. 0. 0. 0. 0. 0. 0.]
 [0. 0. 0. 0. 0. 0. 0. 0. 0. 0. 0.]
 [0. 0. 0. 0. 0. 0. 0. 0. 0. 0. 0.]]
move:[[1. 2. 1. 2. 1. 2. 0. 0. 0. 0. 0.]
 [2. 1. 0. 0. 0. 1. 0. 0. 0. 0. 0.]
 [0. 0. 0. 0. 0. 2. 0. 0. 0. 0. 0.]
 [0. 0. 0. 0. 0. 1. 0. 2. 0. 0. 0.]
 [0. 0. 0. 0. 1. 1. 1. 2. 0. 0. 0.]
 [0. 0. 0. 0. 1. 1. 2. 1. 2. 0. 0.]
 [0. 0. 0. 0. 1. 2. 2. 2. 2. 1. 0.]
 [0. 0. 0. 2. 1. 0. 0. 0. 0. 0. 0.]
 [0. 0. 0. 0. 0. 0. 0. 0. 0. 0. 0.]
 [0. 0. 0. 0. 0. 0. 0. 0. 0. 0. 0.]
 [0. 0. 0. 0. 0. 0. 0. 0. 0. 0. 0.]]
Move played: b2
Move played: c2
[[1. 2. 1. 2. 1. 2. 0. 0. 0. 0. 0.]
 [2. 1. 2. 0. 0. 1. 0. 0. 0. 0. 0.]
 [0. 0. 0. 0. 0. 2. 0. 0. 0. 0. 0.]
 [0. 0. 0. 0. 0. 1. 0. 2. 0. 0. 0.]
 [0. 0. 0. 0. 1. 1. 1. 2. 0. 0. 0.]
 [0. 0. 0. 0. 1. 1. 2. 1. 2. 0. 0.]
 [0. 0. 0. 0. 1. 2. 2. 2. 2. 1. 0.]
 [0. 0. 0. 2. 1. 0. 0. 0. 0. 0. 0.]
 [0. 0. 0. 0. 0. 0. 0. 0. 0. 0. 0.]
 [0. 0. 0. 0. 0. 0. 0. 0. 0. 0. 0.]
 [0. 0. 0. 0. 0. 0. 0. 0. 0. 0. 0.]]
move:[[1. 2. 1. 2. 1. 2. 0. 0. 0. 0. 0.]
 [2. 1. 2. 0. 1. 1. 0. 0. 0. 0. 0.]
 [0. 0. 0. 0. 0. 2. 0. 0. 0. 0. 0.]
 [0. 0. 0. 0. 0. 1. 0. 2. 0. 0. 0.]
 [0. 0. 0. 0. 1. 1. 1. 2. 0. 0. 0.]
 [0. 0. 0. 0. 1. 1. 2. 1. 2. 0. 0.]
 [0. 0. 0. 0. 1. 2. 2. 2. 2. 1. 0.]
 [0. 0. 0. 2. 1. 0. 0. 0. 0. 0. 0.]
 [0. 0. 0. 0. 0. 0. 0. 0. 0. 0. 0.]
 [0. 0. 0. 0. 0. 0. 0. 0. 0. 0. 0.]
 [0. 0. 0. 0. 0. 0. 0. 0. 0. 0. 0.]]
Move played: e2
Move played: d2
[[1. 2. 1. 2. 1. 2. 0. 0. 0. 0. 0.]
 [2. 1. 2. 2. 1. 1. 0. 0. 0. 0. 0.]
 [0. 0. 0. 0. 0. 2. 0. 0. 0. 0. 0.]
 [0. 0. 0. 0. 0. 1. 0. 2. 0. 0. 0.]
 [0. 0. 0. 0. 1. 1. 1. 2. 0. 0. 0.]
 [0. 0. 0. 0. 1. 1. 2. 1. 2. 0. 0.]
 [0. 0. 0. 0. 1. 2. 2. 2. 2. 1. 0.]
 [0. 0. 0. 2. 1. 0. 0. 0. 0. 0. 0.]
 [0. 0. 0. 0. 0. 0. 0. 0. 0. 0. 0.]
 [0. 0. 0. 0. 0. 0. 0. 0. 0. 0. 0.]
 [0. 0. 0. 0. 0. 0. 0. 0. 0. 0. 0.]]
move:[[1. 2. 1. 2. 1. 2. 0. 0. 0. 0. 0.]
 [2. 1. 2. 2. 1. 1. 1. 0. 0. 0. 0.]
 [0. 0. 0. 0. 0. 2. 0. 0. 0. 0. 0.]
 [0. 0. 0. 0. 0. 1. 0. 2. 0. 0. 0.]
 [0. 0. 0. 0. 1. 1. 1. 2. 0. 0. 0.]
 [0. 0. 0. 0. 1. 1. 2. 1. 2. 0. 0.]
 [0. 0. 0. 0. 1. 2. 2. 2. 2. 1. 0.]
 [0. 0. 0. 2. 1. 0. 0. 0. 0. 0. 0.]
 [0. 0. 0. 0. 0. 0. 0. 0. 0. 0. 0.]
 [0. 0. 0. 0. 0. 0. 0. 0. 0. 0. 0.]
 [0. 0. 0. 0. 0. 0. 0. 0. 0. 0. 0.]]
Move played: g2
Move played: g3
[[1. 2. 1. 2. 1. 2. 0. 0. 0. 0. 0.]
 [2. 1. 2. 2. 1. 1. 1. 0. 0. 0. 0.]
 [0. 0. 0. 0. 0. 2. 2. 0. 0. 0. 0.]
 [0. 0. 0. 0. 0. 1. 0. 2. 0. 0. 0.]
 [0. 0. 0. 0. 1. 1. 1. 2. 0. 0. 0.]
 [0. 0. 0. 0. 1. 1. 2. 1. 2. 0. 0.]
 [0. 0. 0. 0. 1. 2. 2. 2. 2. 1. 0.]
 [0. 0. 0. 2. 1. 0. 0. 0. 0. 0. 0.]
 [0. 0. 0. 0. 0. 0. 0. 0. 0. 0. 0.]
 [0. 0. 0. 0. 0. 0. 0. 0. 0. 0. 0.]
 [0. 0. 0. 0. 0. 0. 0. 0. 0. 0. 0.]]
move:[[1. 2. 1. 2. 1. 2. 1. 0. 0. 0. 0.]
 [2. 1. 2. 2. 1. 1. 1. 0. 0. 0. 0.]
 [0. 0. 0. 0. 0. 2. 2. 0. 0. 0. 0.]
 [0. 0. 0. 0. 0. 1. 0. 2. 0. 0. 0.]
 [0. 0. 0. 0. 1. 1. 1. 2. 0. 0. 0.]
 [0. 0. 0. 0. 1. 1. 2. 1. 2. 0. 0.]
 [0. 0. 0. 0. 1. 2. 2. 2. 2. 1. 0.]
 [0. 0. 0. 2. 1. 0. 0. 0. 0. 0. 0.]
 [0. 0. 0. 0. 0. 0. 0. 0. 0. 0. 0.]
 [0. 0. 0. 0. 0. 0. 0. 0. 0. 0. 0.]
 [0. 0. 0. 0. 0. 0. 0. 0. 0. 0. 0.]]
Move played: g1
Move played: h1
[[1. 2. 1. 2. 1. 2. 1. 2. 0. 0. 0.]
 [2. 1. 2. 2. 1. 1. 1. 0. 0. 0. 0.]
 [0. 0. 0. 0. 0. 2. 2. 0. 0. 0. 0.]
 [0. 0. 0. 0. 0. 1. 0. 2. 0. 0. 0.]
 [0. 0. 0. 0. 1. 1. 1. 2. 0. 0. 0.]
 [0. 0. 0. 0. 1. 1. 2. 1. 2. 0. 0.]
 [0. 0. 0. 0. 1. 2. 2. 2. 2. 1. 0.]
 [0. 0. 0. 2. 1. 0. 0. 0. 0. 0. 0.]
 [0. 0. 0. 0. 0. 0. 0. 0. 0. 0. 0.]
 [0. 0. 0. 0. 0. 0. 0. 0. 0. 0. 0.]
 [0. 0. 0. 0. 0. 0. 0. 0. 0. 0. 0.]]
move:[[1. 2. 1. 2. 1. 2. 1. 2. 0. 0. 0.]
 [2. 1. 2. 2. 1. 1. 1. 1. 0. 0. 0.]
 [0. 0. 0. 0. 0. 2. 2. 0. 0. 0. 0.]
 [0. 0. 0. 0. 0. 1. 0. 2. 0. 0. 0.]
 [0. 0. 0. 0. 1. 1. 1. 2. 0. 0. 0.]
 [0. 0. 0. 0. 1. 1. 2. 1. 2. 0. 0.]
 [0. 0. 0. 0. 1. 2. 2. 2. 2. 1. 0.]
 [0. 0. 0. 2. 1. 0. 0. 0. 0. 0. 0.]
 [0. 0. 0. 0. 0. 0. 0. 0. 0. 0. 0.]
 [0. 0. 0. 0. 0. 0. 0. 0. 0. 0. 0.]
 [0. 0. 0. 0. 0. 0. 0. 0. 0. 0. 0.]]
Move played: h2
Move played: i5
